<?xml version="1.0" encoding="UTF-8"?>
<!-- Generated by org.testng.reporters.JUnitReportReporter -->
<testsuite skipped="0" hostname="DESKTOP-ROU6JO4" name="Academy.CustomersPage" tests="3" failures="0" timestamp="2020-09-18T11:47:23 IST" time="1.382" errors="0">
  <testcase name="Validatecustomerspageelementspresent" time="0.262" classname="Academy.CustomersPage"/>
  <system-out/>
  <testcase name="ValidateListofcustomers" time="0.891" classname="Academy.CustomersPage"/>
  <system-out/>
  <testcase name="Validatecustomerspageelementtext" time="0.229" classname="Academy.CustomersPage"/>
  <system-out/>
</testsuite> <!-- Academy.CustomersPage -->
