<?xml version="1.0" encoding="UTF-8"?>
<!-- Generated by org.testng.reporters.JUnitReportReporter -->
<testsuite skipped="0" hostname="DESKTOP-ROU6JO4" name="Academy.ContactuspageTest" tests="3" failures="0" timestamp="2020-09-29T23:53:05 IST" time="10.461" errors="0">
  <testcase name="Validatesendyourmessagewithoutdata" time="0.648" classname="Academy.ContactuspageTest"/>
  <system-out/>
  <testcase name="Validatecontactuspageelementstext" time="3.575" classname="Academy.ContactuspageTest"/>
  <system-out/>
  <testcase name="Validatedataentrycontactform" time="6.238" classname="Academy.ContactuspageTest"/>
  <system-out/>
</testsuite> <!-- Academy.ContactuspageTest -->
