<?xml version="1.0" encoding="UTF-8"?>
<!-- Generated by org.testng.reporters.JUnitReportReporter -->
<testsuite skipped="0" hostname="DESKTOP-ROU6JO4" name="Academy.CustomersPageTest" tests="3" failures="0" timestamp="2020-09-29T23:53:05 IST" time="1.544" errors="0">
  <testcase name="ValidateListofcustomers" time="0.954" classname="Academy.CustomersPageTest"/>
  <system-out/>
  <testcase name="Validatecustomerspageelementspresent" time="0.292" classname="Academy.CustomersPageTest"/>
  <system-out/>
  <testcase name="Validatecustomerspageelementtext" time="0.298" classname="Academy.CustomersPageTest"/>
  <system-out/>
</testsuite> <!-- Academy.CustomersPageTest -->
