<?xml version="1.0" encoding="UTF-8"?>
<!-- Generated by org.testng.reporters.JUnitReportReporter -->
<testsuite skipped="0" hostname="DESKTOP-ROU6JO4" name="Academy.Homepagetest" tests="2" failures="0" timestamp="2020-09-29T23:53:05 IST" time="0.508" errors="0">
  <testcase name="validatehomepageelementspresent" time="0.086" classname="Academy.Homepagetest"/>
  <system-out/>
  <testcase name="Validatehomepageelementtext" time="0.422" classname="Academy.Homepagetest"/>
  <system-out/>
</testsuite> <!-- Academy.Homepagetest -->
