<?xml version="1.0" encoding="UTF-8"?>
<!-- Generated by org.testng.reporters.JUnitReportReporter -->
<testsuite skipped="0" hostname="DESKTOP-ROU6JO4" name="Academy.AboutpageTest" tests="2" failures="0" timestamp="2020-09-30T00:13:05 IST" time="0.662" errors="0">
  <testcase name="Validateaboutpageelementtext" time="0.222" classname="Academy.AboutpageTest"/>
  <system-out/>
  <testcase name="Validateaboutpageelementpresent" time="0.440" classname="Academy.AboutpageTest"/>
  <system-out/>
</testsuite> <!-- Academy.AboutpageTest -->
