<?xml version="1.0" encoding="UTF-8"?>
<!-- Generated by org.testng.reporters.JUnitReportReporter -->
<testsuite skipped="0" hostname="DESKTOP-ROU6JO4" name="Academy.ScrollingElementTest" tests="1" failures="0" timestamp="2020-09-29T23:53:05 IST" time="12.158" errors="0">
  <testcase name="ValidateScrollingElement" time="12.158" classname="Academy.ScrollingElementTest"/>
  <system-out/>
</testsuite> <!-- Academy.ScrollingElementTest -->
