<?xml version="1.0" encoding="UTF-8"?>
<!-- Generated by org.testng.reporters.JUnitReportReporter -->
<testsuite skipped="0" hostname="DESKTOP-ROU6JO4" name="Academy.ProductspageTest" tests="7" failures="0" timestamp="2020-09-29T23:53:05 IST" time="38.246" errors="0">
  <testcase name="ValidateGlassware" time="7.891" classname="Academy.ProductspageTest"/>
  <system-out/>
  <testcase name="Validatelistofproducts" time="0.352" classname="Academy.ProductspageTest"/>
  <system-out/>
  <testcase name="ValidateSurgicals" time="6.747" classname="Academy.ProductspageTest"/>
  <system-out/>
  <testcase name="ValidateConsumables" time="15.771" classname="Academy.ProductspageTest"/>
  <system-out/>
  <testcase name="ValidateEquipment" time="6.925" classname="Academy.ProductspageTest"/>
  <system-out/>
  <testcase name="Validateproductspageelementspresent" time="0.290" classname="Academy.ProductspageTest"/>
  <system-out/>
  <testcase name="Validateproductspageelementstext" time="0.270" classname="Academy.ProductspageTest"/>
  <system-out/>
</testsuite> <!-- Academy.ProductspageTest -->
