<?xml version="1.0" encoding="UTF-8"?>
<!-- Generated by org.testng.reporters.JUnitReportReporter -->
<testsuite skipped="0" hostname="DESKTOP-ROU6JO4" name="Academy.EnquiryPageTest" tests="4" failures="0" timestamp="2020-09-29T23:53:05 IST" time="9.369" errors="0">
  <testcase name="ValidateEnquirysend" time="1.711" classname="Academy.EnquiryPageTest"/>
  <system-out/>
  <testcase name="Validateenquirypageelementstext" time="4.641" classname="Academy.EnquiryPageTest"/>
  <system-out/>
  <testcase name="Validatesendyourquirywithoutdata" time="0.553" classname="Academy.EnquiryPageTest"/>
  <system-out/>
  <testcase name="ValidateEnquirysend" time="2.464" classname="Academy.EnquiryPageTest"/>
  <system-out/>
</testsuite> <!-- Academy.EnquiryPageTest -->
